2023-06-05 03:23:38.274 +06 [93540] LOG:  starting PostgreSQL 15.3 on aarch64-apple-darwin21.6.0, compiled by Apple clang version 14.0.0 (clang-1400.0.29.102), 64-bit
2023-06-05 03:23:38.275 +06 [93540] LOG:  listening on IPv6 address "::1", port 5432
2023-06-05 03:23:38.275 +06 [93540] LOG:  listening on IPv4 address "127.0.0.1", port 5432
2023-06-05 03:23:38.276 +06 [93540] LOG:  listening on Unix socket "/tmp/.s.PGSQL.5432"
2023-06-05 03:23:38.277 +06 [93543] LOG:  database system was shut down at 2023-06-05 03:23:38 +06
2023-06-05 03:23:38.279 +06 [93540] LOG:  database system is ready to accept connections
2023-06-05 03:28:38.280 +06 [93541] LOG:  checkpoint starting: time
2023-06-05 03:30:17.500 +06 [93541] LOG:  checkpoint complete: wrote 980 buffers (6.0%); 0 WAL file(s) added, 0 removed, 0 recycled; write=99.207 s, sync=0.007 s, total=99.220 s; sync files=266, longest=0.002 s, average=0.001 s; distance=4603 kB, estimate=4603 kB
2023-06-05 04:25:52.106 +06 [93541] LOG:  checkpoint starting: time
2023-06-05 04:31:54.434 +06 [93541] LOG:  checkpoint complete: wrote 73 buffers (0.4%); 1 WAL file(s) added, 0 removed, 0 recycled; write=362.151 s, sync=0.167 s, total=362.329 s; sync files=48, longest=0.164 s, average=0.004 s; distance=278 kB, estimate=4171 kB
2023-06-05 15:56:12.259 +06 [93541] LOG:  checkpoint starting: time
2023-06-05 15:56:12.880 +06 [93541] LOG:  checkpoint complete: wrote 7 buffers (0.0%); 0 WAL file(s) added, 0 removed, 0 recycled; write=0.614 s, sync=0.002 s, total=0.622 s; sync files=7, longest=0.001 s, average=0.001 s; distance=1 kB, estimate=3754 kB
2023-06-05 16:21:05.639 +06 [93540] LOG:  received fast shutdown request
2023-06-05 16:21:05.640 +06 [93540] LOG:  aborting any active transactions
2023-06-05 16:21:05.640 +06 [96486] FATAL:  terminating connection due to administrator command
2023-06-05 16:21:05.640 +06 [96432] FATAL:  terminating connection due to administrator command
2023-06-05 16:21:05.646 +06 [96238] FATAL:  terminating connection due to administrator command
2023-06-05 16:21:05.650 +06 [93540] LOG:  background worker "logical replication launcher" (PID 93546) exited with exit code 1
2023-06-05 16:21:05.650 +06 [93541] LOG:  shutting down
2023-06-05 16:21:05.650 +06 [93541] LOG:  checkpoint starting: shutdown immediate
2023-06-05 16:21:05.652 +06 [93541] LOG:  checkpoint complete: wrote 3 buffers (0.0%); 0 WAL file(s) added, 0 removed, 0 recycled; write=0.001 s, sync=0.001 s, total=0.002 s; sync files=3, longest=0.001 s, average=0.001 s; distance=1 kB, estimate=3379 kB
2023-06-05 16:21:05.655 +06 [93540] LOG:  database system is shut down
2023-06-05 16:53:12.831 +06 [96908] LOG:  starting PostgreSQL 15.3 on aarch64-apple-darwin21.6.0, compiled by Apple clang version 14.0.0 (clang-1400.0.29.102), 64-bit
2023-06-05 16:53:12.835 +06 [96908] LOG:  listening on IPv6 address "::1", port 5432
2023-06-05 16:53:12.835 +06 [96908] LOG:  listening on IPv4 address "127.0.0.1", port 5432
2023-06-05 16:53:12.842 +06 [96908] LOG:  listening on Unix socket "/tmp/.s.PGSQL.5432"
2023-06-05 16:53:12.846 +06 [96911] LOG:  database system was shut down at 2023-06-05 16:21:05 +06
2023-06-05 16:53:12.851 +06 [96908] LOG:  database system is ready to accept connections
2023-06-05 16:58:12.880 +06 [96909] LOG:  checkpoint starting: time
2023-06-05 16:58:13.292 +06 [96909] LOG:  checkpoint complete: wrote 7 buffers (0.0%); 0 WAL file(s) added, 0 removed, 0 recycled; write=0.407 s, sync=0.002 s, total=0.413 s; sync files=4, longest=0.002 s, average=0.001 s; distance=30 kB, estimate=30 kB
2023-06-05 17:03:12.299 +06 [96909] LOG:  checkpoint starting: time
2023-06-05 17:03:12.913 +06 [96909] LOG:  checkpoint complete: wrote 7 buffers (0.0%); 0 WAL file(s) added, 0 removed, 0 recycled; write=0.609 s, sync=0.002 s, total=0.615 s; sync files=7, longest=0.002 s, average=0.001 s; distance=2 kB, estimate=27 kB
2023-06-05 18:33:13.849 +06 [96909] LOG:  checkpoint starting: time
2023-06-05 18:33:14.260 +06 [96909] LOG:  checkpoint complete: wrote 5 buffers (0.0%); 0 WAL file(s) added, 0 removed, 0 recycled; write=0.407 s, sync=0.002 s, total=0.412 s; sync files=5, longest=0.002 s, average=0.001 s; distance=1 kB, estimate=25 kB
2023-06-05 19:08:13.040 +06 [96909] LOG:  checkpoint starting: time
2023-06-05 19:08:13.452 +06 [96909] LOG:  checkpoint complete: wrote 5 buffers (0.0%); 0 WAL file(s) added, 0 removed, 0 recycled; write=0.407 s, sync=0.002 s, total=0.413 s; sync files=5, longest=0.001 s, average=0.001 s; distance=2 kB, estimate=22 kB
2023-06-05 19:13:13.449 +06 [96909] LOG:  checkpoint starting: time
2023-06-05 19:13:13.863 +06 [96909] LOG:  checkpoint complete: wrote 5 buffers (0.0%); 0 WAL file(s) added, 0 removed, 0 recycled; write=0.406 s, sync=0.002 s, total=0.415 s; sync files=5, longest=0.002 s, average=0.001 s; distance=4 kB, estimate=21 kB
2023-06-05 19:18:13.831 +06 [96909] LOG:  checkpoint starting: time
2023-06-05 19:18:14.245 +06 [96909] LOG:  checkpoint complete: wrote 5 buffers (0.0%); 0 WAL file(s) added, 0 removed, 0 recycled; write=0.408 s, sync=0.002 s, total=0.415 s; sync files=5, longest=0.002 s, average=0.001 s; distance=4 kB, estimate=19 kB
2023-06-05 22:57:44.890 +06 [96909] LOG:  checkpoint starting: time
2023-06-05 22:57:45.309 +06 [96909] LOG:  checkpoint complete: wrote 5 buffers (0.0%); 0 WAL file(s) added, 0 removed, 0 recycled; write=0.412 s, sync=0.001 s, total=0.420 s; sync files=5, longest=0.001 s, average=0.001 s; distance=4 kB, estimate=17 kB
2023-06-05 23:02:44.314 +06 [96909] LOG:  checkpoint starting: time
2023-06-05 23:02:44.729 +06 [96909] LOG:  checkpoint complete: wrote 5 buffers (0.0%); 0 WAL file(s) added, 0 removed, 0 recycled; write=0.409 s, sync=0.002 s, total=0.416 s; sync files=5, longest=0.001 s, average=0.001 s; distance=4 kB, estimate=16 kB
2023-06-06 00:12:45.162 +06 [96909] LOG:  checkpoint starting: time
2023-06-06 00:12:45.370 +06 [96909] LOG:  checkpoint complete: wrote 2 buffers (0.0%); 0 WAL file(s) added, 0 removed, 0 recycled; write=0.204 s, sync=0.001 s, total=0.209 s; sync files=2, longest=0.001 s, average=0.001 s; distance=2 kB, estimate=15 kB
2023-06-07 13:45:58.165 +06 [96909] LOG:  checkpoint starting: time
2023-06-07 13:45:58.781 +06 [96909] LOG:  checkpoint complete: wrote 7 buffers (0.0%); 0 WAL file(s) added, 0 removed, 0 recycled; write=0.609 s, sync=0.001 s, total=0.616 s; sync files=7, longest=0.001 s, average=0.001 s; distance=5 kB, estimate=14 kB
2023-06-07 13:55:58.829 +06 [96909] LOG:  checkpoint starting: time
2023-06-07 13:55:59.447 +06 [96909] LOG:  checkpoint complete: wrote 7 buffers (0.0%); 0 WAL file(s) added, 0 removed, 0 recycled; write=0.613 s, sync=0.002 s, total=0.619 s; sync files=7, longest=0.001 s, average=0.001 s; distance=5 kB, estimate=13 kB
2023-06-07 14:00:58.456 +06 [96909] LOG:  checkpoint starting: time
2023-06-07 14:00:59.082 +06 [96909] LOG:  checkpoint complete: wrote 7 buffers (0.0%); 0 WAL file(s) added, 0 removed, 0 recycled; write=0.614 s, sync=0.003 s, total=0.626 s; sync files=7, longest=0.002 s, average=0.001 s; distance=7 kB, estimate=12 kB
2023-06-07 14:05:58.102 +06 [96909] LOG:  checkpoint starting: time
2023-06-07 14:05:58.714 +06 [96909] LOG:  checkpoint complete: wrote 7 buffers (0.0%); 0 WAL file(s) added, 0 removed, 0 recycled; write=0.610 s, sync=0.001 s, total=0.613 s; sync files=7, longest=0.001 s, average=0.001 s; distance=10 kB, estimate=12 kB
2023-06-07 14:10:58.723 +06 [96909] LOG:  checkpoint starting: time
2023-06-07 14:10:59.344 +06 [96909] LOG:  checkpoint complete: wrote 7 buffers (0.0%); 0 WAL file(s) added, 0 removed, 0 recycled; write=0.614 s, sync=0.002 s, total=0.621 s; sync files=7, longest=0.001 s, average=0.001 s; distance=9 kB, estimate=12 kB
2023-06-07 14:20:58.362 +06 [96909] LOG:  checkpoint starting: time
2023-06-07 14:20:58.987 +06 [96909] LOG:  checkpoint complete: wrote 7 buffers (0.0%); 0 WAL file(s) added, 0 removed, 0 recycled; write=0.616 s, sync=0.002 s, total=0.626 s; sync files=7, longest=0.002 s, average=0.001 s; distance=9 kB, estimate=12 kB
2023-06-07 15:00:59.888 +06 [96909] LOG:  checkpoint starting: time
2023-06-07 15:01:00.518 +06 [96909] LOG:  checkpoint complete: wrote 7 buffers (0.0%); 0 WAL file(s) added, 0 removed, 0 recycled; write=0.624 s, sync=0.002 s, total=0.630 s; sync files=7, longest=0.001 s, average=0.001 s; distance=10 kB, estimate=11 kB
2023-06-07 15:10:59.480 +06 [96909] LOG:  checkpoint starting: time
2023-06-07 15:10:59.902 +06 [96909] LOG:  checkpoint complete: wrote 5 buffers (0.0%); 0 WAL file(s) added, 0 removed, 0 recycled; write=0.414 s, sync=0.002 s, total=0.423 s; sync files=5, longest=0.001 s, average=0.001 s; distance=9 kB, estimate=11 kB
2023-06-07 15:15:59.902 +06 [96909] LOG:  checkpoint starting: time
2023-06-07 15:16:00.317 +06 [96909] LOG:  checkpoint complete: wrote 5 buffers (0.0%); 0 WAL file(s) added, 0 removed, 0 recycled; write=0.409 s, sync=0.002 s, total=0.416 s; sync files=5, longest=0.001 s, average=0.001 s; distance=9 kB, estimate=11 kB
2023-06-07 16:10:59.334 +06 [96909] LOG:  checkpoint starting: time
2023-06-07 16:10:59.751 +06 [96909] LOG:  checkpoint complete: wrote 5 buffers (0.0%); 0 WAL file(s) added, 0 removed, 0 recycled; write=0.410 s, sync=0.002 s, total=0.418 s; sync files=5, longest=0.001 s, average=0.001 s; distance=10 kB, estimate=11 kB
2023-06-07 16:15:59.750 +06 [96909] LOG:  checkpoint starting: time
2023-06-07 16:16:00.166 +06 [96909] LOG:  checkpoint complete: wrote 5 buffers (0.0%); 0 WAL file(s) added, 0 removed, 0 recycled; write=0.409 s, sync=0.002 s, total=0.417 s; sync files=5, longest=0.002 s, average=0.001 s; distance=10 kB, estimate=11 kB
2023-06-07 16:25:59.173 +06 [96909] LOG:  checkpoint starting: time
2023-06-07 16:25:59.590 +06 [96909] LOG:  checkpoint complete: wrote 5 buffers (0.0%); 0 WAL file(s) added, 0 removed, 0 recycled; write=0.409 s, sync=0.002 s, total=0.418 s; sync files=5, longest=0.002 s, average=0.001 s; distance=12 kB, estimate=12 kB
2023-06-07 16:35:59.624 +06 [96909] LOG:  checkpoint starting: time
2023-06-07 16:36:00.060 +06 [96909] LOG:  checkpoint complete: wrote 5 buffers (0.0%); 0 WAL file(s) added, 0 removed, 0 recycled; write=0.429 s, sync=0.002 s, total=0.436 s; sync files=5, longest=0.002 s, average=0.001 s; distance=11 kB, estimate=12 kB
2023-06-07 17:19:35.571 +06 [96909] LOG:  checkpoint starting: time
2023-06-07 17:19:36.600 +06 [96909] LOG:  checkpoint complete: wrote 11 buffers (0.1%); 0 WAL file(s) added, 0 removed, 0 recycled; write=1.019 s, sync=0.003 s, total=1.029 s; sync files=8, longest=0.001 s, average=0.001 s; distance=33 kB, estimate=33 kB
2023-06-07 17:27:38.689 +06 [96908] LOG:  received fast shutdown request
2023-06-07 17:27:38.690 +06 [96908] LOG:  aborting any active transactions
2023-06-07 17:27:38.692 +06 [96908] LOG:  background worker "logical replication launcher" (PID 96914) exited with exit code 1
2023-06-07 17:27:38.692 +06 [96909] LOG:  shutting down
2023-06-07 17:27:38.693 +06 [96909] LOG:  checkpoint starting: shutdown immediate
2023-06-07 17:27:38.695 +06 [96909] LOG:  checkpoint complete: wrote 0 buffers (0.0%); 0 WAL file(s) added, 0 removed, 0 recycled; write=0.001 s, sync=0.001 s, total=0.003 s; sync files=0, longest=0.000 s, average=0.000 s; distance=0 kB, estimate=30 kB
2023-06-07 17:27:38.700 +06 [96908] LOG:  database system is shut down
2023-06-09 02:17:30.276 +06 [26146] LOG:  starting PostgreSQL 15.3 on aarch64-apple-darwin21.6.0, compiled by Apple clang version 14.0.0 (clang-1400.0.29.102), 64-bit
2023-06-09 02:17:30.278 +06 [26146] LOG:  listening on IPv6 address "::1", port 5432
2023-06-09 02:17:30.278 +06 [26146] LOG:  listening on IPv4 address "127.0.0.1", port 5432
2023-06-09 02:17:30.279 +06 [26146] LOG:  listening on Unix socket "/tmp/.s.PGSQL.5432"
2023-06-09 02:17:30.283 +06 [26149] LOG:  database system was shut down at 2023-06-07 17:27:38 +06
2023-06-09 02:17:30.286 +06 [26146] LOG:  database system is ready to accept connections
2023-06-09 02:22:30.281 +06 [26147] LOG:  checkpoint starting: time
2023-06-09 02:22:30.288 +06 [26147] LOG:  checkpoint complete: wrote 3 buffers (0.0%); 0 WAL file(s) added, 0 removed, 0 recycled; write=0.002 s, sync=0.001 s, total=0.008 s; sync files=2, longest=0.001 s, average=0.001 s; distance=0 kB, estimate=0 kB
2023-06-09 02:27:30.244 +06 [26147] LOG:  checkpoint starting: time
2023-06-09 02:27:30.867 +06 [26147] LOG:  checkpoint complete: wrote 7 buffers (0.0%); 0 WAL file(s) added, 0 removed, 0 recycled; write=0.616 s, sync=0.002 s, total=0.624 s; sync files=7, longest=0.002 s, average=0.001 s; distance=13 kB, estimate=13 kB
2023-06-09 02:58:04.420 +06 [26146] LOG:  received fast shutdown request
2023-06-09 02:58:04.421 +06 [26146] LOG:  aborting any active transactions
2023-06-09 02:58:04.425 +06 [26146] LOG:  background worker "logical replication launcher" (PID 26152) exited with exit code 1
2023-06-09 02:58:04.425 +06 [26147] LOG:  shutting down
2023-06-09 02:58:04.425 +06 [26147] LOG:  checkpoint starting: shutdown immediate
2023-06-09 02:58:04.427 +06 [26147] LOG:  checkpoint complete: wrote 0 buffers (0.0%); 0 WAL file(s) added, 0 removed, 0 recycled; write=0.001 s, sync=0.001 s, total=0.003 s; sync files=0, longest=0.000 s, average=0.000 s; distance=0 kB, estimate=12 kB
2023-06-09 02:58:04.431 +06 [26146] LOG:  database system is shut down
2023-06-14 02:08:53.419 +06 [30237] LOG:  starting PostgreSQL 15.3 on aarch64-apple-darwin21.6.0, compiled by Apple clang version 14.0.0 (clang-1400.0.29.102), 64-bit
2023-06-14 02:08:53.421 +06 [30237] LOG:  listening on IPv6 address "::1", port 5432
2023-06-14 02:08:53.421 +06 [30237] LOG:  listening on IPv4 address "127.0.0.1", port 5432
2023-06-14 02:08:53.428 +06 [30237] LOG:  listening on Unix socket "/tmp/.s.PGSQL.5432"
2023-06-14 02:08:53.433 +06 [30240] LOG:  database system was shut down at 2023-06-09 02:58:04 +06
2023-06-14 02:08:53.437 +06 [30237] LOG:  database system is ready to accept connections
2023-06-14 02:13:34.692 +06 [30237] LOG:  received fast shutdown request
2023-06-14 02:13:34.693 +06 [30237] LOG:  aborting any active transactions
2023-06-14 02:13:34.702 +06 [30237] LOG:  background worker "logical replication launcher" (PID 30243) exited with exit code 1
2023-06-14 02:13:34.702 +06 [30238] LOG:  shutting down
2023-06-14 02:13:34.703 +06 [30238] LOG:  checkpoint starting: shutdown immediate
2023-06-14 02:13:34.709 +06 [30238] LOG:  checkpoint complete: wrote 6 buffers (0.0%); 0 WAL file(s) added, 0 removed, 0 recycled; write=0.002 s, sync=0.001 s, total=0.007 s; sync files=5, longest=0.001 s, average=0.001 s; distance=10 kB, estimate=10 kB
2023-06-14 02:13:34.716 +06 [30237] LOG:  database system is shut down
